{"C:\\Users\\HP\\Documents\\Pagination-Example\\BackEnd\\src\\controller\\employeecontroller.js": {"path":"C:\\Users\\HP\\Documents\\Pagination-Example\\BackEnd\\src\\controller\\employeecontroller.js","statementMap":{"0":{"start":{"line":1,"column":24},"end":{"line":1,"column":61}},"1":{"start":{"line":3,"column":31},"end":{"line":10,"column":1}},"2":{"start":{"line":4,"column":17},"end":{"line":4,"column":46}},"3":{"start":{"line":5,"column":18},"end":{"line":5,"column":48}},"4":{"start":{"line":7,"column":21},"end":{"line":7,"column":72}},"5":{"start":{"line":9,"column":4},"end":{"line":9,"column":23}},"6":{"start":{"line":12,"column":0},"end":{"line":14,"column":1}}},"fnMap":{"0":{"name":"(anonymous_0)","decl":{"start":{"line":3,"column":31},"end":{"line":3,"column":32}},"loc":{"start":{"line":3,"column":44},"end":{"line":10,"column":1}},"line":3}},"branchMap":{"0":{"loc":{"start":{"line":4,"column":17},"end":{"line":4,"column":46}},"type":"binary-expr","locations":[{"start":{"line":4,"column":17},"end":{"line":4,"column":41}},{"start":{"line":4,"column":45},"end":{"line":4,"column":46}}],"line":4},"1":{"loc":{"start":{"line":5,"column":18},"end":{"line":5,"column":48}},"type":"binary-expr","locations":[{"start":{"line":5,"column":18},"end":{"line":5,"column":43}},{"start":{"line":5,"column":47},"end":{"line":5,"column":48}}],"line":5}},"s":{"0":1,"1":1,"2":2,"3":2,"4":2,"5":2,"6":1},"f":{"0":2},"b":{"0":[2,1],"1":[2,1]},"_coverageSchema":"1a1c01bbd47fc00a2c39e90264f33305004495a9","hash":"f73a340cf5c030a0f9b9420cadc8fef84dbf5c0d"}
,"C:\\Users\\HP\\Documents\\Pagination-Example\\BackEnd\\src\\model\\employee.js": {"path":"C:\\Users\\HP\\Documents\\Pagination-Example\\BackEnd\\src\\model\\employee.js","statementMap":{"0":{"start":{"line":1,"column":18},"end":{"line":14,"column":3}},"1":{"start":{"line":16,"column":2},"end":{"line":16,"column":28}}},"fnMap":{},"branchMap":{},"s":{"0":3,"1":3},"f":{},"b":{},"_coverageSchema":"1a1c01bbd47fc00a2c39e90264f33305004495a9","hash":"0ff715362a33a0a4c7b874818458d8053ae6d931"}
,"C:\\Users\\HP\\Documents\\Pagination-Example\\BackEnd\\src\\service\\employeeservice.js": {"path":"C:\\Users\\HP\\Documents\\Pagination-Example\\BackEnd\\src\\service\\employeeservice.js","statementMap":{"0":{"start":{"line":1,"column":18},"end":{"line":1,"column":46}},"1":{"start":{"line":3,"column":31},"end":{"line":16,"column":1}},"2":{"start":{"line":4,"column":21},"end":{"line":4,"column":39}},"3":{"start":{"line":5,"column":19},"end":{"line":5,"column":31}},"4":{"start":{"line":7,"column":29},"end":{"line":7,"column":66}},"5":{"start":{"line":9,"column":2},"end":{"line":15,"column":4}},"6":{"start":{"line":18,"column":0},"end":{"line":20,"column":2}}},"fnMap":{"0":{"name":"(anonymous_0)","decl":{"start":{"line":3,"column":31},"end":{"line":3,"column":32}},"loc":{"start":{"line":3,"column":48},"end":{"line":16,"column":1}},"line":3}},"branchMap":{},"s":{"0":1,"1":1,"2":0,"3":0,"4":0,"5":0,"6":1},"f":{"0":0},"b":{},"_coverageSchema":"1a1c01bbd47fc00a2c39e90264f33305004495a9","hash":"e6ea9a62e0c55183f88de40a0f7365e257877cc8"}
}
