TN:
SF:src\controller\employeecontroller.js
FN:3,(anonymous_0)
FNF:1
FNH:1
FNDA:2,(anonymous_0)
DA:1,1
DA:3,1
DA:4,2
DA:5,2
DA:7,2
DA:9,2
DA:12,1
LF:7
LH:7
BRDA:4,0,0,2
BRDA:4,0,1,1
BRDA:5,1,0,2
BRDA:5,1,1,1
BRF:4
BRH:4
end_of_record
TN:
SF:src\model\employee.js
FNF:0
FNH:0
DA:1,3
DA:16,3
LF:2
LH:2
BRF:0
BRH:0
end_of_record
TN:
SF:src\service\employeeservice.js
FN:3,(anonymous_0)
FNF:1
FNH:0
FNDA:0,(anonymous_0)
DA:1,1
DA:3,1
DA:4,0
DA:5,0
DA:7,0
DA:9,0
DA:18,1
LF:7
LH:3
BRF:0
BRH:0
end_of_record
